  main.cpp
  ofApp.cpp
c:\users\linds\code\of_v0.10.0_vs2017_release\libs\openframeworks\math\ofmatrix4x4.h(326): warning C4267: 'argument': conversion from 'size_t' to 'int', possible loss of data (compiling source file src\ofApp.cpp)
c:\users\linds\code\of_v0.10.0_vs2017_release\libs\openframeworks\math\ofmatrix4x4.h(331): warning C4267: 'argument': conversion from 'size_t' to 'int', possible loss of data (compiling source file src\ofApp.cpp)
c:\users\linds\code\of_v0.10.0_vs2017_release\libs\openframeworks\math\ofmatrix4x4.h(326): warning C4267: 'argument': conversion from 'size_t' to 'int', possible loss of data (compiling source file src\main.cpp)
c:\users\linds\code\of_v0.10.0_vs2017_release\libs\openframeworks\math\ofmatrix4x4.h(331): warning C4267: 'argument': conversion from 'size_t' to 'int', possible loss of data (compiling source file src\main.cpp)
c:\users\linds\code\of_v0.10.0_vs2017_release\libs\openframeworks\math\ofmatrix4x4.h(912): warning C4267: 'argument': conversion from 'size_t' to 'int', possible loss of data (compiling source file src\ofApp.cpp)
c:\users\linds\code\of_v0.10.0_vs2017_release\libs\openframeworks\math\ofmatrix4x4.h(913): warning C4267: 'argument': conversion from 'size_t' to 'int', possible loss of data (compiling source file src\ofApp.cpp)
c:\users\linds\code\of_v0.10.0_vs2017_release\libs\openframeworks\math\ofmatrix4x4.h(914): warning C4267: 'argument': conversion from 'size_t' to 'int', possible loss of data (compiling source file src\ofApp.cpp)
c:\users\linds\code\of_v0.10.0_vs2017_release\libs\openframeworks\math\ofmatrix4x4.h(915): warning C4267: 'argument': conversion from 'size_t' to 'int', possible loss of data (compiling source file src\ofApp.cpp)
c:\users\linds\code\of_v0.10.0_vs2017_release\libs\openframeworks\math\ofmatrix4x4.h(912): warning C4267: 'argument': conversion from 'size_t' to 'int', possible loss of data (compiling source file src\main.cpp)
c:\users\linds\code\of_v0.10.0_vs2017_release\libs\openframeworks\math\ofmatrix4x4.h(913): warning C4267: 'argument': conversion from 'size_t' to 'int', possible loss of data (compiling source file src\main.cpp)
c:\users\linds\code\of_v0.10.0_vs2017_release\libs\openframeworks\math\ofmatrix4x4.h(914): warning C4267: 'argument': conversion from 'size_t' to 'int', possible loss of data (compiling source file src\main.cpp)
c:\users\linds\code\of_v0.10.0_vs2017_release\libs\openframeworks\math\ofmatrix4x4.h(915): warning C4267: 'argument': conversion from 'size_t' to 'int', possible loss of data (compiling source file src\main.cpp)
  bigboard.vcxproj -> C:\Users\linds\source\repos\bigboard\bigboard\bin\bigboard_debug.exe
  
  	                   2	C:\Users\linds\Code\of_v0.10.0_vs2017_release\libs\fmodex\lib\vs\x64\
  	  *EXTRA File 		 1266176	C:\Users\linds\source\repos\bigboard\bigboard\bin\fmodex.dll
  	  *EXTRA File 		 1312768	C:\Users\linds\source\repos\bigboard\bigboard\bin\fmodexL.dll
  	  *EXTRA File 		 6402560	C:\Users\linds\source\repos\bigboard\bigboard\bin\FreeImage.dll
  
  	                   1	C:\Users\linds\Code\of_v0.10.0_vs2017_release\libs\FreeImage\lib\vs\x64\
  	  *EXTRA File 		 1266176	C:\Users\linds\source\repos\bigboard\bigboard\bin\fmodex.dll
  	  *EXTRA File 		 1503232	C:\Users\linds\source\repos\bigboard\bigboard\bin\fmodex64.dll
  	  *EXTRA File 		 1312768	C:\Users\linds\source\repos\bigboard\bigboard\bin\fmodexL.dll
  	  *EXTRA File 		 1552384	C:\Users\linds\source\repos\bigboard\bigboard\bin\fmodexL64.dll
