  ofxGLWarper.cpp
  main.cpp
  ofApp.cpp
c:\users\linds\code\of_v0.10.0_vs2017_release\libs\openframeworks\math\ofmatrix4x4.h(326): warning C4267: 'argument': conversion from 'size_t' to 'int', possible loss of data (compiling source file ..\..\..\..\Code\of_v0.10.0_vs2017_release\addons\ofxGLWarper\src\ofxGLWarper.cpp)
c:\users\linds\code\of_v0.10.0_vs2017_release\libs\openframeworks\math\ofmatrix4x4.h(331): warning C4267: 'argument': conversion from 'size_t' to 'int', possible loss of data (compiling source file ..\..\..\..\Code\of_v0.10.0_vs2017_release\addons\ofxGLWarper\src\ofxGLWarper.cpp)
c:\users\linds\code\of_v0.10.0_vs2017_release\libs\openframeworks\math\ofmatrix4x4.h(912): warning C4267: 'argument': conversion from 'size_t' to 'int', possible loss of data (compiling source file ..\..\..\..\Code\of_v0.10.0_vs2017_release\addons\ofxGLWarper\src\ofxGLWarper.cpp)
c:\users\linds\code\of_v0.10.0_vs2017_release\libs\openframeworks\math\ofmatrix4x4.h(913): warning C4267: 'argument': conversion from 'size_t' to 'int', possible loss of data (compiling source file ..\..\..\..\Code\of_v0.10.0_vs2017_release\addons\ofxGLWarper\src\ofxGLWarper.cpp)
c:\users\linds\code\of_v0.10.0_vs2017_release\libs\openframeworks\math\ofmatrix4x4.h(914): warning C4267: 'argument': conversion from 'size_t' to 'int', possible loss of data (compiling source file ..\..\..\..\Code\of_v0.10.0_vs2017_release\addons\ofxGLWarper\src\ofxGLWarper.cpp)
c:\users\linds\code\of_v0.10.0_vs2017_release\libs\openframeworks\math\ofmatrix4x4.h(915): warning C4267: 'argument': conversion from 'size_t' to 'int', possible loss of data (compiling source file ..\..\..\..\Code\of_v0.10.0_vs2017_release\addons\ofxGLWarper\src\ofxGLWarper.cpp)
c:\users\linds\code\of_v0.10.0_vs2017_release\libs\openframeworks\math\ofmatrix4x4.h(326): warning C4267: 'argument': conversion from 'size_t' to 'int', possible loss of data (compiling source file src\ofApp.cpp)
c:\users\linds\code\of_v0.10.0_vs2017_release\libs\openframeworks\math\ofmatrix4x4.h(331): warning C4267: 'argument': conversion from 'size_t' to 'int', possible loss of data (compiling source file src\ofApp.cpp)
c:\users\linds\code\of_v0.10.0_vs2017_release\libs\openframeworks\math\ofmatrix4x4.h(912): warning C4267: 'argument': conversion from 'size_t' to 'int', possible loss of data (compiling source file src\ofApp.cpp)
c:\users\linds\code\of_v0.10.0_vs2017_release\libs\openframeworks\math\ofmatrix4x4.h(913): warning C4267: 'argument': conversion from 'size_t' to 'int', possible loss of data (compiling source file src\ofApp.cpp)
c:\users\linds\code\of_v0.10.0_vs2017_release\libs\openframeworks\math\ofmatrix4x4.h(914): warning C4267: 'argument': conversion from 'size_t' to 'int', possible loss of data (compiling source file src\ofApp.cpp)
c:\users\linds\code\of_v0.10.0_vs2017_release\libs\openframeworks\math\ofmatrix4x4.h(915): warning C4267: 'argument': conversion from 'size_t' to 'int', possible loss of data (compiling source file src\ofApp.cpp)
c:\users\linds\code\of_v0.10.0_vs2017_release\libs\openframeworks\math\ofmatrix4x4.h(326): warning C4267: 'argument': conversion from 'size_t' to 'int', possible loss of data (compiling source file src\main.cpp)
c:\users\linds\code\of_v0.10.0_vs2017_release\libs\openframeworks\math\ofmatrix4x4.h(331): warning C4267: 'argument': conversion from 'size_t' to 'int', possible loss of data (compiling source file src\main.cpp)
c:\users\linds\code\of_v0.10.0_vs2017_release\libs\openframeworks\math\ofmatrix4x4.h(912): warning C4267: 'argument': conversion from 'size_t' to 'int', possible loss of data (compiling source file src\main.cpp)
c:\users\linds\code\of_v0.10.0_vs2017_release\libs\openframeworks\math\ofmatrix4x4.h(913): warning C4267: 'argument': conversion from 'size_t' to 'int', possible loss of data (compiling source file src\main.cpp)
c:\users\linds\code\of_v0.10.0_vs2017_release\libs\openframeworks\math\ofmatrix4x4.h(914): warning C4267: 'argument': conversion from 'size_t' to 'int', possible loss of data (compiling source file src\main.cpp)
c:\users\linds\code\of_v0.10.0_vs2017_release\libs\openframeworks\math\ofmatrix4x4.h(915): warning C4267: 'argument': conversion from 'size_t' to 'int', possible loss of data (compiling source file src\main.cpp)
     Creating library bin\bigboard.lib and object bin\bigboard.exp
  Generating code
  All 232 functions were compiled because no usable IPDB/IOBJ from previous compilation was found.
  Finished generating code
  bigboard.vcxproj -> C:\Users\linds\source\repos\bigboard\bigboard\bin\bigboard.exe
  
  	                   2	C:\Users\linds\Code\of_v0.10.0_vs2017_release\libs\fmodex\lib\vs\x64\
  	    New File  		 1503232	C:\Users\linds\Code\of_v0.10.0_vs2017_release\libs\fmodex\lib\vs\x64\fmodex64.dll
  	    New File  		 1552384	C:\Users\linds\Code\of_v0.10.0_vs2017_release\libs\fmodex\lib\vs\x64\fmodexL64.dll
  
  	                   1	C:\Users\linds\Code\of_v0.10.0_vs2017_release\libs\FreeImage\lib\vs\x64\
  	  *EXTRA File 		 1503232	C:\Users\linds\source\repos\bigboard\bigboard\bin\fmodex64.dll
  	  *EXTRA File 		 1552384	C:\Users\linds\source\repos\bigboard\bigboard\bin\fmodexL64.dll
  	    New File  		 6402560	C:\Users\linds\Code\of_v0.10.0_vs2017_release\libs\FreeImage\lib\vs\x64\FreeImage.dll
